BEGIN 
TRAIN
00000080000000 R M
00000080000004 R H
00000080000008 R H
0000008000000c R H
00000080000010 R H
00000080000014 R H
00000080000018 R H
0000008000001c R H
00000080000020 R H
00000080000024 R H
00000080000024 R H
00000080000028 R H
0000008000002c R H
00000080000030 R H
00000080000034 R H
00000080000038 R H
0000008000003c R H
00000080000040 R M
00000080000044 R H
00000080000048 R H
0000008000004c R H
00000080000050 R H
00000080000054 R H
00000080000058 R H
0000008000005c R H
00000080000060 R H
00000080000064 R H
00000080000068 R H
0000008000006c R H
00000080000070 R H
00000080000074 R H
00000080000078 R H
0000008000007c R H
00000080000078 R H
0000008000007c R H
00000080000080 R M
00000080000104 R M
00000080000108 R H
0000008000010c R H
00000080000110 R H
00000080000114 R H
00000080000118 R H
0000008000011c R H
00000080000120 R H
00000080000124 R H
00000080000128 R H
0000008000012c R H
00000080000130 R H
00000080000134 R H
00000080000138 R H
0000008000013c R H
00000080000140 R M
00000080000144 R H
00000080000148 R H
0000008000014c R H
00000080000150 R H
00000080000154 R H
00000080000158 R H
0000008000015c R H
00000080000160 R H
00000080000164 R H
00000080000168 R H
0000008000016c R H
00000080000170 R H
00000080000174 R H
00000080000178 R H
0000008000017c R H
00000080000180 R M
00000080000184 R H
00000080000188 R H
0000008000018c R H
00000080000190 R H
00000080000194 R H
00000080000198 R H
0000008000019c R H
000000800001a0 R H
000000800001a4 R H
000000800001a8 R H
000000800001ac R H
000000800001b0 R H
000000800001b4 R H
000000800001b8 R H
000000800001bc R H
000000800001c0 R M
000000800001c4 R H
000000800001c8 R H
000000800001cc R H
000000800001d0 R H
000000800001d4 R H
000000800001d8 R H
000000800001dc R H
000000800001e0 R H
000000800001e4 R H
000000800001e8 R H
000000800001ec R H
000000800001f0 R H
000000800001f4 R H
000000800001f8 R H
000000800001fc R H
00000080000200 R M
00000080000204 R H
00000080000208 R H
0000008000020c R H
00000080000210 R H
00000080000214 R H
00000080000218 R H
0000008000021c R H
00000080000220 R H
00000080000224 R H
00000080000228 R H
0000008000022c R H
00000080000230 R H
00000080000234 R H
00000080000238 R H
0000008000023c R H
00000080000240 R M
00000080000244 R H
00000080000248 R H
0000008000024c R H
00000080000250 R H
00000080000254 R H
00000080000258 R H
0000008000025c R H
00000080000260 R H
00000080000264 R H
00000080000268 R H
0000008000026c R H
00000080000270 R H
00000080000274 R H
00000080000278 R H
0000008000027c R H
00000080000280 R M
00000080000284 R H
00000080000288 R H
0000008000028c R H
00000080000290 R H
00000080000294 R H
00000080000298 R H
0000008000029c R H
000000800002a0 R H
000000800002a4 R H
000000800002a8 R H
000000800002ac R H
000000800002b0 R H
000000800002b4 R H
000000800002b8 R H
000000800002bc R H
000000800002c0 R M
000000800002c4 R H
000000800002c8 R H
000000800002cc R H
000000800002d0 R H
000000800002d4 R H
000000800002d8 R H
000000800002dc R H
000000800002e0 R H
000000800002e4 R H
000000800002e8 R H
000000800002ec R H
000000800002f0 R H
000000800002f4 R H
000000800002f8 R H
000000800002fc R H
00000080000300 R M
00000080000304 R H
00000080000308 R H
0000008000030c R H
00000080000310 R H
00000080000314 R H
00000080000318 R H
0000008000031c R H
00000080000320 R H
00000080000324 R H
00000080000328 R H
0000008000032c R H
00000080000330 R H
00000080000334 R H
00000080000338 R H
0000008000033c R H
00000080000340 R M
00000080000344 R H
00000080000348 R H
00000080000400 R M
00000080000404 R H
00000080000500 R M
00000080000504 R H
00000080000504 R H
00000080000508 R H
0000008000050c R H
000000800005c0 R M
000000800005c4 R H
000000800005c8 R H
000000800005c8 R H
000000800005cc R H
000000800005d0 R H
000000800005d4 R H
000000800005d8 R H
000000800005dc R H
000000800005e0 R H
000000800005e4 R H
000000800005e8 R H
000000800005ec R H
000000800005f0 R H
000000800005f4 R H
000000800005f8 R H
00000080000600 R M
00000080000604 R H
00000080000608 R H
00000080000644 R M
00000080000648 R H
0000008000064c R H
00000080000650 R H
00000080000654 R H
00000080000658 R H
0000008000065c R H
00000080000660 R H
00000080000664 R H
00000080000668 R H
0000008000066c R H
00000080000670 R H
00000080000674 R H
00000080000678 R H
0000008000067c R H
00000080000680 R M
00000080000684 R H
00000080000688 R H
0000008000068c R H
00000080000690 R H
000000800006a4 R H
000000800006a8 R H
000000800006ac R H
000000800006b0 R H
000000800006b4 R H
000000800006b8 R H
000000800006bc R H
000000800006c0 R M
000000800006c4 R H
000000800006c8 R H
000000800006cc R H
000000800006d0 R H
000000800006e4 R H
000000800006e8 R H
000000800006ec R H
000000800006f0 R H
000000800006f4 R H
000000800006f8 R H
000000800006fc R H
000000800006f8 R H
000000800006fc R H
00000080000700 R M
00000080000704 R H
00000080000708 R H
0000008000070c R H
00000080000710 R H
00000080000714 R H
00000080000718 R H
0000008000071c R H
00000080000720 R H
00000080000724 R H
00000080000728 R H
0000008000072c R H
00000080000730 R H
00000080000734 R H
00000080000738 R H
0000008000073c R H
00000080000740 R M
00000080000744 R H
00000080000748 R H
0000008000074c R H
00000080000750 R H
00000080000754 R H
00000080000758 R H
0000008000075c R H
00000080000760 R H
00000080000764 R H
00000080000768 R H
0000008000077c R H
00000080000780 R M
00000080000784 R H
00000080000788 R H
0000008000078c R H
00000080000790 R H
00000080000794 R H
00000080000798 R H
0000008000079c R H
000000800007a0 R H
000000800007dc R M
000000800007e0 R H
000000800007e4 R H
000000800007e8 R H
000000800007ec R H
000000800007f0 R H
000000800007f4 R H
000000800007f8 R H
000000800007fc R H
00000080000800 R M
00000080000804 R H
00000080000808 R H
0000008000080c R H
000000800007a0 R H
000000800007a4 R H
000000800007a8 R H
000000800007ac R H
000000800007b0 R H
000000800007b4 R H
000000800007b8 R H
000000800007bc R H
000000800007c0 R H
000000800007c4 R H
00000080000348 R H
0000008000034c R H
00000080000350 R H
00000080000354 R H
00000080000358 R H
0000008000035c R H
00000080000360 R H
00000080000400 R H
00000080000500 R H
00000080000504 R H
00000080000504 R H
00000080000508 R H
000000800005c0 R H
000000800005c4 R H
000000800005c8 R H
000000800005c8 R H
000000800005cc R H
000000800005d0 R H
000000800005d4 R H
000000800005d8 R H
000000800005dc R H
000000800005e0 R H
000000800005e4 R H
000000800005e8 R H
000000800005ec R H
000000800005f0 R H
000000800005f4 R H
000000800005f8 R H
000000800005fc R H
00000080000600 R H
00000080000c48 R M
00000080000c4c R H
00000080000c50 R H
00000080000c6c R H
00000080000c70 R H
00000080000c74 R H
00000080000c78 R H
00000080000c7c R H
00000080000c80 R M
00000080000c84 R H
00000080000c88 R H
00000080000c8c R H
00000080000c90 R H
0000008000035c R H
00000080000360 R H
00000080000364 R H
00000080000368 R H
0000008000036c R H
00000080000370 R H
0000008000036c R H
00000080000370 R H
00000080000374 R H
00000080000378 R H
00000080000374 R H
00000080000378 R H
0000008000037c R H
00000080000380 R M
0000008000039c R H
000000800003a0 R H
00000080000c90 R H
00000080000c94 R H
00000080000c98 R H
00000080000c9c R H
00000080000ca0 R H
END ../tests/riscof/work/riscv-arch-test/rv64i_m/privilege/src/ebreak.S/ref/ref.elf.memfile
END ../tests/riscof/work/riscv-arch-test/rv64i_m/privilege/src/ebreak.S/ref/ref.elf.memfile
BEGIN ../tests/riscof/work/riscv-arch-test/rv64i_m/privilege/src/ecall.S/ref/ref.elf.memfile
TRAIN
00000080000000 R M
00000080000004 R H
00000080000008 R H
0000008000000c R H
00000080000010 R H
00000080000014 R H
00000080000018 R H
0000008000001c R H
00000080000020 R H
00000080000024 R H
00000080000024 R H
00000080000028 R H
0000008000002c R H
00000080000030 R H
00000080000034 R H
00000080000038 R H
0000008000003c R H
00000080000040 R M
00000080000044 R H
00000080000048 R H
0000008000004c R H
00000080000050 R H
00000080000054 R H
00000080000058 R H
0000008000005c R H
00000080000060 R H
00000080000064 R H
00000080000068 R H
0000008000006c R H
00000080000070 R H
00000080000074 R H
00000080000078 R H
0000008000007c R H
00000080000078 R H
0000008000007c R H
00000080000080 R M
00000080000104 R M
00000080000108 R H
0000008000010c R H
00000080000110 R H
00000080000114 R H
00000080000118 R H
0000008000011c R H
00000080000120 R H
00000080000124 R H
00000080000128 R H
0000008000012c R H
00000080000130 R H
00000080000134 R H
00000080000138 R H
0000008000013c R H
00000080000140 R M
00000080000144 R H
00000080000148 R H
0000008000014c R H
00000080000150 R H
00000080000154 R H
00000080000158 R H
0000008000015c R H
00000080000160 R H
00000080000164 R H
00000080000168 R H
0000008000016c R H
00000080000170 R H
00000080000174 R H
00000080000178 R H
0000008000017c R H
00000080000180 R M
00000080000184 R H
00000080000188 R H
0000008000018c R H
00000080000190 R H
00000080000194 R H
00000080000198 R H
0000008000019c R H
000000800001a0 R H
000000800001a4 R H
000000800001a8 R H
000000800001ac R H
000000800001b0 R H
000000800001b4 R H
000000800001b8 R H
000000800001bc R H
000000800001c0 R M
000000800001c4 R H
000000800001c8 R H
000000800001cc R H
000000800001d0 R H
000000800001d4 R H
000000800001d8 R H
000000800001dc R H
000000800001e0 R H
000000800001e4 R H
000000800001e8 R H
000000800001ec R H
000000800001f0 R H
000000800001f4 R H
000000800001f8 R H
000000800001fc R H
00000080000200 R M
00000080000204 R H
00000080000208 R H
0000008000020c R H
00000080000210 R H
00000080000214 R H
00000080000218 R H
0000008000021c R H
00000080000220 R H
00000080000224 R H
00000080000228 R H
0000008000022c R H
00000080000230 R H
00000080000234 R H
00000080000238 R H
0000008000023c R H
00000080000240 R M
00000080000244 R H
00000080000248 R H
0000008000024c R H
00000080000250 R H
00000080000254 R H
00000080000258 R H
0000008000025c R H
00000080000260 R H
00000080000264 R H
00000080000268 R H
0000008000026c R H
00000080000270 R H
00000080000274 R H
00000080000278 R H
0000008000027c R H
00000080000280 R M
00000080000284 R H
00000080000288 R H
0000008000028c R H
00000080000290 R H
00000080000294 R H
00000080000298 R H
0000008000029c R H
000000800002a0 R H
000000800002a4 R H
000000800002a8 R H
000000800002ac R H
000000800002b0 R H
000000800002b4 R H
000000800002b8 R H
000000800002bc R H
000000800002c0 R M
000000800002c4 R H
000000800002c8 R H
000000800002cc R H
000000800002d0 R H
000000800002d4 R H
000000800002d8 R H
000000800002dc R H
000000800002e0 R H
000000800002e4 R H
000000800002e8 R H
000000800002ec R H
000000800002f0 R H
000000800002f4 R H
000000800002f8 R H
000000800002fc R H
00000080000300 R M
00000080000304 R H
00000080000308 R H
0000008000030c R H
00000080000310 R H
00000080000314 R H
00000080000318 R H
0000008000031c R H
00000080000320 R H
00000080000324 R H
00000080000328 R H
0000008000032c R H
00000080000330 R H
00000080000334 R H
00000080000338 R H
0000008000033c R H
00000080000340 R M
00000080000344 R H
00000080000348 R H
00000080000400 R M
00000080000404 R H
00000080000500 R M
00000080000504 R H
00000080000504 R H
00000080000508 R H
0000008000050c R H
000000800005c0 R M
000000800005c4 R H
000000800005c8 R H
000000800005c8 R H
000000800005cc R H
000000800005d0 R H
000000800005d4 R H
000000800005d8 R H
000000800005dc R H
000000800005e0 R H
000000800005e4 R H
000000800005e8 R H
000000800005ec R H
000000800005f0 R H
000000800005f4 R H
000000800005f8 R H
000000800005fc R H
00000080000600 R M
00000080000604 R H
00000080000608 R H
00000080000644 R M
00000080000648 R H
0000008000064c R H
00000080000650 R H
00000080000654 R H
00000080000658 R H
0000008000065c R H
00000080000660 R H
00000080000664 R H
00000080000668 R H
0000008000066c R H
00000080000670 R H
00000080000674 R H
00000080000678 R H
0000008000067c R H
00000080000680 R M
00000080000684 R H
00000080000688 R H
0000008000068c R H
00000080000690 R H
000000800006a4 R H
000000800006a8 R H
000000800006ac R H
000000800006b0 R H
000000800006b4 R H
000000800006b8 R H
000000800006bc R H
000000800006c0 R M
000000800006c4 R H
000000800006c8 R H
000000800006cc R H
000000800006d0 R H
000000800006e4 R H
000000800006e8 R H
000000800006ec R H
000000800006f0 R H
000000800006f4 R H
000000800006f8 R H
000000800006fc R H
000000800006f8 R H
000000800006fc R H
00000080000700 R M
00000080000704 R H
00000080000708 R H
0000008000070c R H
00000080000710 R H
00000080000714 R H
00000080000718 R H
0000008000071c R H
00000080000720 R H
00000080000724 R H
00000080000728 R H
0000008000072c R H
00000080000780 R M
00000080000784 R H
00000080000788 R H
0000008000078c R H
00000080000790 R H
00000080000794 R H
00000080000798 R H
0000008000079c R H
000000800007a0 R H
000000800007dc R M
000000800007e0 R H
000000800007e4 R H
000000800007e8 R H
000000800007ec R H
000000800007f0 R H
000000800007f4 R H
000000800007f8 R H
000000800007fc R H
00000080000800 R M
00000080000804 R H
00000080000808 R H
0000008000080c R H
000000800007a0 R H
000000800007a4 R H
000000800007a8 R H
000000800007ac R H
000000800007b0 R H
000000800007b4 R H
000000800007b8 R H
000000800007bc R H
000000800007c0 R H
000000800007c4 R H
00000080000348 R H
0000008000034c R H
00000080000350 R H
00000080000354 R H
00000080000358 R H
0000008000035c R H
00000080000360 R H
00000080000400 R H
00000080000500 R H
00000080000504 R H
00000080000504 R H
00000080000508 R H
000000800005c0 R H
000000800005c4 R H
000000800005c8 R H
000000800005c8 R H
000000800005cc R H
000000800005d0 R H
000000800005d4 R H
000000800005d8 R H
000000800005dc R H
000000800005e0 R H
000000800005e4 R H
000000800005e8 R H
000000800005ec R H
000000800005f0 R H
000000800005f4 R H
000000800005f8 R H
000000800005fc R H
00000080000600 R H
00000080000c48 R M
00000080000c4c R H
00000080000c50 R H
00000080000c6c R H
00000080000c70 R H
00000080000c74 R H
00000080000c78 R H
00000080000c7c R H
00000080000c80 R M
00000080000c84 R H
00000080000c88 R H
00000080000c8c R H
00000080000c90 R H
0000008000035c R H
00000080000360 R H
00000080000364 R H
00000080000368 R H
0000008000036c R H
00000080000370 R H
0000008000036c R H
00000080000370 R H
00000080000374 R H
00000080000378 R H
00000080000374 R H
00000080000378 R H
0000008000037c R H
00000080000380 R M
0000008000039c R H
000000800003a0 R H
00000080000c90 R H
00000080000c94 R H
00000080000c98 R H
00000080000c9c R H
00000080000ca0 R H
END ../tests/riscof/work/riscv-arch-test/rv64i_m/privilege/src/ecall.S/ref/ref.elf.memfile
END ../tests/riscof/work/riscv-arch-test/rv64i_m/privilege/src/ecall.S/ref/ref.elf.memfile
BEGIN ../tests/riscof/work/riscv-arch-test/rv64i_m/privilege/src/misalign2-jalr-01.S/ref/ref.elf.memfile
TRAIN
00000080000000 R M
00000080000004 R H
00000080000008 R H
0000008000000c R H
00000080000010 R H
00000080000014 R H
00000080000018 R H
0000008000001c R H
00000080000020 R H
00000080000024 R H
00000080000024 R H
00000080000028 R H
0000008000002c R H
00000080000030 R H
00000080000034 R H
00000080000038 R H
0000008000003c R H
00000080000040 R M
00000080000044 R H
00000080000048 R H
0000008000004c R H
00000080000050 R H
00000080000054 R H
00000080000058 R H
0000008000005c R H
00000080000060 R H
00000080000064 R H
00000080000068 R H
0000008000006c R H
00000080000070 R H
00000080000074 R H
00000080000078 R H
0000008000007c R H
00000080000078 R H
0000008000007c R H
00000080000080 R M
00000080000104 R M
00000080000108 R H
0000008000010c R H
00000080000110 R H
00000080000114 R H
00000080000118 R H
0000008000011c R H
00000080000120 R H
00000080000124 R H
00000080000128 R H
0000008000012c R H
00000080000130 R H
00000080000134 R H
00000080000138 R H
0000008000013c R H
00000080000140 R M
00000080000144 R H
00000080000148 R H
0000008000014c R H
00000080000150 R H
00000080000154 R H
00000080000158 R H
0000008000015c R H
00000080000160 R H
00000080000164 R H
00000080000168 R H
0000008000016c R H
00000080000170 R H
00000080000174 R H
00000080000178 R H
0000008000017c R H
00000080000180 R M
00000080000184 R H
00000080000188 R H
0000008000018c R H
00000080000190 R H
00000080000194 R H
00000080000198 R H
0000008000019c R H
000000800001a0 R H
000000800001a4 R H
000000800001a8 R H
000000800001ac R H
000000800001b0 R H
000000800001b4 R H
000000800001b8 R H
000000800001bc R H
000000800001c0 R M
000000800001c4 R H
000000800001c8 R H
000000800001cc R H
000000800001d0 R H
000000800001d4 R H
000000800001d8 R H
000000800001dc R H
000000800001e0 R H
000000800001e4 R H
000000800001e8 R H
000000800001ec R H
000000800001f0 R H
000000800001f4 R H
000000800001f8 R H
000000800001fc R H
00000080000200 R M
00000080000204 R H
00000080000208 R H
0000008000020c R H
00000080000210 R H
00000080000214 R H
00000080000218 R H
0000008000021c R H
00000080000220 R H
00000080000224 R H
00000080000228 R H
0000008000022c R H
00000080000230 R H
00000080000234 R H
00000080000238 R H
0000008000023c R H
00000080000240 R M
00000080000244 R H
00000080000248 R H
0000008000024c R H
00000080000250 R H
00000080000254 R H
00000080000258 R H
0000008000025c R H
00000080000260 R H
00000080000264 R H
00000080000268 R H
0000008000026c R H
00000080000270 R H
00000080000274 R H
00000080000278 R H
0000008000027c R H
00000080000280 R M
00000080000284 R H
00000080000288 R H
0000008000028c R H
00000080000290 R H
00000080000294 R H
00000080000298 R H
0000008000029c R H
000000800002a0 R H
000000800002a4 R H
000000800002a8 R H
000000800002ac R H
000000800002b0 R H
000000800002b4 R H
000000800002b8 R H
000000800002bc R H
000000800002c0 R M
000000800002c4 R H
000000800002c8 R H
000000800002cc R H
000000800002d0 R H
000000800002d4 R H
000000800002d8 R H
000000800002dc R H
000000800002e0 R H
000000800002e4 R H
000000800002e8 R H
000000800002ec R H
000000800002f0 R H
000000800002f4 R H
000000800002f8 R H
000000800002fc R H
00000080000300 R M
00000080000304 R H
00000080000308 R H
0000008000030c R H
00000080000310 R H
00000080000314 R H
00000080000318 R H
0000008000031c R H
00000080000320 R H
00000080000324 R H
00000080000328 R H
0000008000032c R H
00000080000330 R H
00000080000334 R H
00000080000338 R H
0000008000033c R H
00000080000340 R M
00000080000344 R H
00000080000348 R H
0000008000034c R H
00000080000350 R H
00000080000354 R H
00000080000358 R H
0000008000035c R H
00000080000360 R H
00000080000364 R H
00000080000376 R H
0000008000037a R H
0000008000037e R H
00000080000380 R M
00000080000380 R H
00000080000384 R H
00000080000388 R H
0000008000038c R H
00000080000390 R H
00000080000394 R H
00000080000398 R H
0000008000039c R H
000000800003a0 R H
000000800003a4 R H
000000800003a8 R H
000000800003ac R H
000000800003b0 R H
000000800003b4 R H
000000800003b8 R H
00000080000440 R M
00000080000444 R H
00000080000540 R M
00000080000544 R H
00000080000544 R H
00000080000548 R H
0000008000054c R H
00000080000600 R M
00000080000604 R H
00000080000608 R H
00000080000608 R H
0000008000060c R H
00000080000610 R H
00000080000614 R H
00000080000618 R H
0000008000061c R H
00000080000620 R H
00000080000624 R H
00000080000628 R H
0000008000062c R H
00000080000630 R H
00000080000634 R H
00000080000638 R H
0000008000063c R H
00000080000640 R M
00000080000c88 R M
00000080000c8c R H
00000080000c90 R H
00000080000cac R H
00000080000cb0 R H
00000080000cb4 R H
00000080000cb8 R H
00000080000cbc R H
00000080000cc0 R M
00000080000cc4 R H
00000080000cc8 R H
00000080000ccc R H
00000080000cd0 R H
000000800003b4 R H
000000800003b8 R H
000000800003bc R H
000000800003c0 R M
000000800003c4 R H
000000800003c8 R H
000000800003c4 R H
000000800003c8 R H
000000800003cc R H
000000800003d0 R H
000000800003cc R H
000000800003d0 R H
000000800003d4 R H
000000800003d8 R H
000000800003f4 R H
000000800003f8 R H
00000080000cd0 R H
00000080000cd4 R H
00000080000cd8 R H
00000080000cdc R H
00000080000ce0 R H
END ../tests/riscof/work/riscv-arch-test/rv64i_m/privilege/src/misalign2-jalr-01.S/ref/ref.elf.memfile
END ../tests/riscof/work/riscv-arch-test/rv64i_m/privilege/src/misalign2-jalr-01.S/ref/ref.elf.memfile
BEGIN ../tests/riscof/work/riscv-arch-test/rv64i_m/privilege/src/misalign-beq-01.S/ref/ref.elf.memfile
TRAIN
00000080000000 R M
00000080000004 R H
00000080000008 R H
0000008000000c R H
00000080000010 R H
00000080000014 R H
00000080000018 R H
0000008000001c R H
00000080000020 R H
00000080000024 R H
00000080000024 R H
00000080000028 R H
0000008000002c R H
00000080000030 R H
00000080000034 R H
00000080000038 R H
0000008000003c R H
00000080000040 R M
00000080000044 R H
00000080000048 R H
0000008000004c R H
00000080000050 R H
00000080000054 R H
00000080000058 R H
0000008000005c R H
00000080000060 R H
00000080000064 R H
00000080000068 R H
0000008000006c R H
00000080000070 R H
00000080000074 R H
00000080000078 R H
0000008000007c R H
00000080000078 R H
0000008000007c R H
00000080000080 R M
00000080000104 R M
00000080000108 R H
0000008000010c R H
00000080000110 R H
00000080000114 R H
00000080000118 R H
0000008000011c R H
00000080000120 R H
00000080000124 R H
00000080000128 R H
0000008000012c R H
00000080000130 R H
00000080000134 R H
00000080000138 R H
0000008000013c R H
00000080000140 R M
00000080000144 R H
00000080000148 R H
0000008000014c R H
00000080000150 R H
00000080000154 R H
00000080000158 R H
0000008000015c R H
00000080000160 R H
00000080000164 R H
00000080000168 R H
0000008000016c R H
00000080000170 R H
00000080000174 R H
00000080000178 R H
0000008000017c R H
00000080000180 R M
00000080000184 R H
00000080000188 R H
0000008000018c R H
00000080000190 R H
00000080000194 R H
00000080000198 R H
0000008000019c R H
000000800001a0 R H
000000800001a4 R H
000000800001a8 R H
000000800001ac R H
000000800001b0 R H
000000800001b4 R H
000000800001b8 R H
000000800001bc R H
000000800001c0 R M
000000800001c4 R H
000000800001c8 R H
000000800001cc R H
000000800001d0 R H
000000800001d4 R H
000000800001d8 R H
000000800001dc R H
000000800001e0 R H
000000800001e4 R H
000000800001e8 R H
000000800001ec R H
000000800001f0 R H
000000800001f4 R H
000000800001f8 R H
000000800001fc R H
00000080000200 R M
00000080000204 R H
00000080000208 R H
0000008000020c R H
00000080000210 R H
00000080000214 R H
00000080000218 R H
0000008000021c R H
00000080000220 R H
00000080000224 R H
00000080000228 R H
0000008000022c R H
00000080000230 R H
00000080000234 R H
00000080000238 R H
0000008000023c R H
00000080000240 R M
00000080000244 R H
00000080000248 R H
0000008000024c R H
00000080000250 R H
00000080000254 R H
00000080000258 R H
0000008000025c R H
00000080000260 R H
00000080000264 R H
00000080000268 R H
0000008000026c R H
00000080000270 R H
00000080000274 R H
00000080000278 R H
0000008000027c R H
00000080000280 R M
00000080000284 R H
00000080000288 R H
0000008000028c R H
00000080000290 R H
00000080000294 R H
00000080000298 R H
0000008000029c R H
000000800002a0 R H
000000800002a4 R H
000000800002a8 R H
000000800002ac R H
000000800002b0 R H
000000800002b4 R H
000000800002b8 R H
000000800002bc R H
000000800002c0 R M
000000800002c4 R H
000000800002c8 R H
000000800002cc R H
000000800002d0 R H
000000800002d4 R H
000000800002d8 R H
000000800002dc R H
000000800002e0 R H
000000800002e4 R H
000000800002e8 R H
000000800002ec R H
000000800002f0 R H
000000800002f4 R H
000000800002f8 R H
000000800002fc R H
00000080000300 R M
00000080000304 R H
00000080000308 R H
0000008000030c R H
00000080000310 R H
00000080000314 R H
00000080000318 R H
0000008000031c R H
00000080000320 R H
00000080000324 R H
00000080000328 R H
0000008000032c R H
00000080000330 R H
00000080000334 R H
00000080000338 R H
0000008000033c R H
00000080000340 R M
0000008000034c R H
00000080000350 R H
00000080000342 R H
00000080000346 R H
0000008000034a R H
00000080000364 R H
00000080000368 R H
0000008000036c R H
00000080000370 R H
00000080000374 R H
00000080000400 R M
00000080000404 R H
00000080000500 R M
00000080000504 R H
00000080000504 R H
00000080000508 R H
0000008000050c R H
000000800005c0 R M
000000800005c4 R H
000000800005c8 R H
000000800005c8 R H
000000800005cc R H
000000800005d0 R H
000000800005d4 R H
000000800005d8 R H
000000800005dc R H
000000800005e0 R H
000000800005e4 R H
000000800005e8 R H
000000800005ec R H
000000800005f0 R H
000000800005f4 R H
000000800005f8 R H
000000800005fc R H
00000080000600 R M
00000080000c48 R M
00000080000c4c R H
00000080000c50 R H
00000080000c6c R H
00000080000c70 R H
00000080000c74 R H
00000080000c78 R H
00000080000c7c R H
00000080000c80 R M
00000080000c84 R H
00000080000c88 R H
00000080000c8c R H
00000080000c90 R H
00000080000370 R H
00000080000374 R H
00000080000378 R H
0000008000037c R H
00000080000380 R M
00000080000384 R H
00000080000380 R H
00000080000384 R H
00000080000388 R H
0000008000038c R H
00000080000388 R H
0000008000038c R H
00000080000390 R H
00000080000394 R H
000000800003b0 R H
000000800003b4 R H
00000080000c90 R H
00000080000c94 R H
00000080000c98 R H
00000080000c9c R H
00000080000ca0 R H
END ../tests/riscof/work/riscv-arch-test/rv64i_m/privilege/src/misalign-beq-01.S/ref/ref.elf.memfile
END ../tests/riscof/work/riscv-arch-test/rv64i_m/privilege/src/misalign-beq-01.S/ref/ref.elf.memfile
